<?xml version="1.0" encoding="UTF-8"?>
<!-- Generated by org.testng.reporters.JUnitReportReporter -->
<testsuite skipped="0" hostname="hemas-MacBook-Air.local" name="sensynehealth.SenSynHealthApi" tests="5" failures="0" timestamp="30 Oct 2019 19:18:55 GMT" time="9.105" errors="0">
  <testcase name="test_deleteProduct" time="0.064" classname="sensynehealth.SenSynHealthApi"/>
  <testcase name="test_ListOfProducts" time="7.332" classname="sensynehealth.SenSynHealthApi"/>
  <testcase name="test_getProduct" time="1.030" classname="sensynehealth.SenSynHealthApi"/>
  <testcase name="test_addProduct" time="0.546" classname="sensynehealth.SenSynHealthApi"/>
  <testcase name="test_updateProduct_withPrice" time="0.133" classname="sensynehealth.SenSynHealthApi"/>
</testsuite> <!-- sensynehealth.SenSynHealthApi -->
